Start testing: Sep 27 11:03 澳大利亚东部标准时间
----------------------------------------------------------
1/1 Testing: BasicArithmeticTest
1/1 Test: BasicArithmeticTest
Command: "D:/allen's/code/traetest/calculator_pkg/calculator-cli/build/run_tests.exe"
Directory: D:/allen's/code/traetest/calculator_pkg/calculator-cli/build
"BasicArithmeticTest" start time: Sep 27 11:03 澳大利亚东部标准时间
Output:
----------------------------------------------------------
Running all calculator tests...
Actual result for '3 + 5 * (2 - 8)^2': 183
Actual result for '-2.5 * 4 + 3^2': -1
Basic arithmetic tests passed.
Actual result for '50% * 200': 100
Actual result for '25% + 75%': 1
Percentage tests passed.
Actual result for 'sqrt(16) + 3': 7
Actual result for 'sqrt(9) * 2': 6
Square root tests passed.
Actual result for 'pi * 2': 6.28319
Actual result for 'e^2': 7.38906
Constant tests passed.
Actual result for 'equation(x+1=0)': x = -1
Actual result for 'equation(2x-3=7)': x = 5
Linear equation tests passed.
Actual result for 'equation(x^2+2x+1=0)': x = -1
Actual result for 'equation(x^2-5x+6=0)': x1 = 2, x2 = 3
Quadratic equation tests passed.
Actual result for 'equation2(x+y=5,x-y=1)': x = 3, y = 2
Actual result for 'equation2(2x+3y=12,4x-y=5)': x = 1.9285714286, y = 2.7142857143
Systems of linear equations tests passed.
Actual result for '1 / 0': Error: Division by zero
Error handling test passed.
All tests completed successfully!
<end of output>
Test time =   0.77 sec
----------------------------------------------------------
Test Passed.
"BasicArithmeticTest" end time: Sep 27 11:03 澳大利亚东部标准时间
"BasicArithmeticTest" time elapsed: 00:00:00
----------------------------------------------------------

End testing: Sep 27 11:03 澳大利亚东部标准时间
