<?xml version="1.0" encoding="UTF-8"?>
<Site BuildName="(empty)"
	BuildStamp="20250927-0103-Experimental"
	Name="(empty)"
	Generator="ctest-4.0.3"
	CompilerName=""
	CompilerVersion=""
	OSName="Windows"
	Hostname="Disneyland"
	OSRelease=" Professional"
	OSVersion=" (Build 26100)"
	OSPlatform="AMD64"
	Is64Bits="1"
	VendorString=""
	VendorID="Unknown Manufacturer"
	FamilyID="0"
	ModelID="0"
	ModelName=""
	ProcessorCacheSize="0"
	NumberOfLogicalCPU="18"
	NumberOfPhysicalCPU="14"
	TotalVirtualMemory="39797"
	TotalPhysicalMemory="32373"
	LogicalProcessorsPerPhysical="1"
	ProcessorClockFrequency="2995"
	>
	<Testing>
		<StartDateTime>Sep 27 11:03 [NON-UTF-8-BYTE-0xB0]Ĵ[NON-UTF-8-BYTE-0xF3][NON-UTF-8-BYTE-0xC0][NON-UTF-8-BYTE-0xFB][NON-UTF-8-BYTE-0xD1]Ƕ[NON-UTF-8-BYTE-0xAB][NON-UTF-8-BYTE-0xB2][NON-UTF-8-BYTE-0xBF][NON-UTF-8-BYTE-0xB1][NON-UTF-8-BYTE-0xEA]׼ʱ[NON-UTF-8-BYTE-0xBC][NON-UTF-8-BYTE-0xE4]</StartDateTime>
		<StartTestTime>1758935036</StartTestTime>
		<TestList/>
		<EndDateTime>Sep 27 11:03 [NON-UTF-8-BYTE-0xB0]Ĵ[NON-UTF-8-BYTE-0xF3][NON-UTF-8-BYTE-0xC0][NON-UTF-8-BYTE-0xFB][NON-UTF-8-BYTE-0xD1]Ƕ[NON-UTF-8-BYTE-0xAB][NON-UTF-8-BYTE-0xB2][NON-UTF-8-BYTE-0xBF][NON-UTF-8-BYTE-0xB1][NON-UTF-8-BYTE-0xEA]׼ʱ[NON-UTF-8-BYTE-0xBC][NON-UTF-8-BYTE-0xE4]</EndDateTime>
		<EndTestTime>1758935036</EndTestTime>
		<ElapsedMinutes>0</ElapsedMinutes>
	</Testing>
</Site>
